<?xml version="1.0" encoding="UTF-8"?>
<testsuite xmlns:xsi="http://www.w3.org/2001/XMLSchema-instance" xsi:noNamespaceSchemaLocation="https://maven.apache.org/surefire/maven-surefire-plugin/xsd/surefire-test-report.xsd" name="org.activiti.gestion_stage.AppTest" time="0.026" tests="1" errors="0" skipped="0" failures="0">
  <properties>
    <property name="sun.desktop" value="windows"/>
    <property name="awt.toolkit" value="sun.awt.windows.WToolkit"/>
    <property name="file.encoding.pkg" value="sun.io"/>
    <property name="java.specification.version" value="1.8"/>
    <property name="sun.cpu.isalist" value="amd64"/>
    <property name="sun.jnu.encoding" value="Cp1252"/>
    <property name="java.class.path" value="C:\Users\houme\eclipse-workspace\gestion_stage\target\test-classes;C:\Users\houme\eclipse-workspace\gestion_stage\target\classes;C:\Users\houme\.m2\repository\junit\junit\4.11\junit-4.11.jar;C:\Users\houme\.m2\repository\org\hamcrest\hamcrest-core\1.3\hamcrest-core-1.3.jar;C:\Users\houme\.m2\repository\org\activiti\activiti-engine\5.22.0\activiti-engine-5.22.0.jar;C:\Users\houme\.m2\repository\org\activiti\activiti-bpmn-converter\5.22.0\activiti-bpmn-converter-5.22.0.jar;C:\Users\houme\.m2\repository\org\activiti\activiti-bpmn-model\5.22.0\activiti-bpmn-model-5.22.0.jar;C:\Users\houme\.m2\repository\com\fasterxml\jackson\core\jackson-core\2.2.3\jackson-core-2.2.3.jar;C:\Users\houme\.m2\repository\com\fasterxml\jackson\core\jackson-databind\2.2.3\jackson-databind-2.2.3.jar;C:\Users\houme\.m2\repository\com\fasterxml\jackson\core\jackson-annotations\2.2.3\jackson-annotations-2.2.3.jar;C:\Users\houme\.m2\repository\org\activiti\activiti-process-validation\5.22.0\activiti-process-validation-5.22.0.jar;C:\Users\houme\.m2\repository\org\activiti\activiti-image-generator\5.22.0\activiti-image-generator-5.22.0.jar;C:\Users\houme\.m2\repository\org\apache\commons\commons-email\1.4\commons-email-1.4.jar;C:\Users\houme\.m2\repository\com\sun\mail\javax.mail\1.5.2\javax.mail-1.5.2.jar;C:\Users\houme\.m2\repository\javax\activation\activation\1.1.1\activation-1.1.1.jar;C:\Users\houme\.m2\repository\org\apache\commons\commons-lang3\3.3.2\commons-lang3-3.3.2.jar;C:\Users\houme\.m2\repository\org\mybatis\mybatis\3.3.0\mybatis-3.3.0.jar;C:\Users\houme\.m2\repository\org\springframework\spring-beans\4.1.5.RELEASE\spring-beans-4.1.5.RELEASE.jar;C:\Users\houme\.m2\repository\org\springframework\spring-core\4.1.5.RELEASE\spring-core-4.1.5.RELEASE.jar;C:\Users\houme\.m2\repository\commons-logging\commons-logging\1.2\commons-logging-1.2.jar;C:\Users\houme\.m2\repository\joda-time\joda-time\2.6\joda-time-2.6.jar;C:\Users\houme\.m2\repository\org\slf4j\slf4j-api\1.7.6\slf4j-api-1.7.6.jar;C:\Users\houme\.m2\repository\org\slf4j\jcl-over-slf4j\1.7.6\jcl-over-slf4j-1.7.6.jar;"/>
    <property name="java.vm.vendor" value="Oracle Corporation"/>
    <property name="sun.arch.data.model" value="64"/>
    <property name="user.variant" value=""/>
    <property name="java.vendor.url" value="http://java.oracle.com/"/>
    <property name="user.timezone" value="Europe/Paris"/>
    <property name="java.vm.specification.version" value="1.8"/>
    <property name="os.name" value="Windows 10"/>
    <property name="user.country" value="FR"/>
    <property name="sun.java.launcher" value="SUN_STANDARD"/>
    <property name="sun.boot.library.path" value="C:\Program Files\Java\jdk1.8.0_192\jre\bin"/>
    <property name="sun.java.command" value="C:\Users\houme\AppData\Local\Temp\surefire7953998136764636615\surefirebooter4381745251416823490.jar C:\Users\houme\AppData\Local\Temp\surefire7953998136764636615 2019-02-04T23-18-46_640-jvmRun1 surefire9044033376370625265tmp surefire_03438832695063574494tmp"/>
    <property name="surefire.test.class.path" value="C:\Users\houme\eclipse-workspace\gestion_stage\target\test-classes;C:\Users\houme\eclipse-workspace\gestion_stage\target\classes;C:\Users\houme\.m2\repository\junit\junit\4.11\junit-4.11.jar;C:\Users\houme\.m2\repository\org\hamcrest\hamcrest-core\1.3\hamcrest-core-1.3.jar;C:\Users\houme\.m2\repository\org\activiti\activiti-engine\5.22.0\activiti-engine-5.22.0.jar;C:\Users\houme\.m2\repository\org\activiti\activiti-bpmn-converter\5.22.0\activiti-bpmn-converter-5.22.0.jar;C:\Users\houme\.m2\repository\org\activiti\activiti-bpmn-model\5.22.0\activiti-bpmn-model-5.22.0.jar;C:\Users\houme\.m2\repository\com\fasterxml\jackson\core\jackson-core\2.2.3\jackson-core-2.2.3.jar;C:\Users\houme\.m2\repository\com\fasterxml\jackson\core\jackson-databind\2.2.3\jackson-databind-2.2.3.jar;C:\Users\houme\.m2\repository\com\fasterxml\jackson\core\jackson-annotations\2.2.3\jackson-annotations-2.2.3.jar;C:\Users\houme\.m2\repository\org\activiti\activiti-process-validation\5.22.0\activiti-process-validation-5.22.0.jar;C:\Users\houme\.m2\repository\org\activiti\activiti-image-generator\5.22.0\activiti-image-generator-5.22.0.jar;C:\Users\houme\.m2\repository\org\apache\commons\commons-email\1.4\commons-email-1.4.jar;C:\Users\houme\.m2\repository\com\sun\mail\javax.mail\1.5.2\javax.mail-1.5.2.jar;C:\Users\houme\.m2\repository\javax\activation\activation\1.1.1\activation-1.1.1.jar;C:\Users\houme\.m2\repository\org\apache\commons\commons-lang3\3.3.2\commons-lang3-3.3.2.jar;C:\Users\houme\.m2\repository\org\mybatis\mybatis\3.3.0\mybatis-3.3.0.jar;C:\Users\houme\.m2\repository\org\springframework\spring-beans\4.1.5.RELEASE\spring-beans-4.1.5.RELEASE.jar;C:\Users\houme\.m2\repository\org\springframework\spring-core\4.1.5.RELEASE\spring-core-4.1.5.RELEASE.jar;C:\Users\houme\.m2\repository\commons-logging\commons-logging\1.2\commons-logging-1.2.jar;C:\Users\houme\.m2\repository\joda-time\joda-time\2.6\joda-time-2.6.jar;C:\Users\houme\.m2\repository\org\slf4j\slf4j-api\1.7.6\slf4j-api-1.7.6.jar;C:\Users\houme\.m2\repository\org\slf4j\jcl-over-slf4j\1.7.6\jcl-over-slf4j-1.7.6.jar;"/>
    <property name="sun.cpu.endian" value="little"/>
    <property name="user.home" value="C:\Users\houme"/>
    <property name="user.language" value="fr"/>
    <property name="java.specification.vendor" value="Oracle Corporation"/>
    <property name="java.home" value="C:\Program Files\Java\jdk1.8.0_192\jre"/>
    <property name="basedir" value="C:\Users\houme\eclipse-workspace\gestion_stage"/>
    <property name="file.separator" value="\"/>
    <property name="line.separator" value="&#10;"/>
    <property name="java.vm.specification.vendor" value="Oracle Corporation"/>
    <property name="java.specification.name" value="Java Platform API Specification"/>
    <property name="java.awt.graphicsenv" value="sun.awt.Win32GraphicsEnvironment"/>
    <property name="surefire.real.class.path" value="C:\Users\houme\AppData\Local\Temp\surefire7953998136764636615\surefirebooter4381745251416823490.jar"/>
    <property name="sun.boot.class.path" value="C:\Program Files\Java\jdk1.8.0_192\jre\lib\resources.jar;C:\Program Files\Java\jdk1.8.0_192\jre\lib\rt.jar;C:\Program Files\Java\jdk1.8.0_192\jre\lib\sunrsasign.jar;C:\Program Files\Java\jdk1.8.0_192\jre\lib\jsse.jar;C:\Program Files\Java\jdk1.8.0_192\jre\lib\jce.jar;C:\Program Files\Java\jdk1.8.0_192\jre\lib\charsets.jar;C:\Program Files\Java\jdk1.8.0_192\jre\lib\jfr.jar;C:\Program Files\Java\jdk1.8.0_192\jre\classes"/>
    <property name="user.script" value=""/>
    <property name="sun.management.compiler" value="HotSpot 64-Bit Tiered Compilers"/>
    <property name="java.runtime.version" value="1.8.0_192-b12"/>
    <property name="user.name" value="houme"/>
    <property name="path.separator" value=";"/>
    <property name="os.version" value="10.0"/>
    <property name="java.endorsed.dirs" value="C:\Program Files\Java\jdk1.8.0_192\jre\lib\endorsed"/>
    <property name="java.runtime.name" value="Java(TM) SE Runtime Environment"/>
    <property name="file.encoding" value="Cp1252"/>
    <property name="java.vm.name" value="Java HotSpot(TM) 64-Bit Server VM"/>
    <property name="localRepository" value="C:\Users\houme\.m2\repository"/>
    <property name="java.vendor.url.bug" value="http://bugreport.sun.com/bugreport/"/>
    <property name="java.io.tmpdir" value="C:\Users\houme\AppData\Local\Temp\"/>
    <property name="java.version" value="1.8.0_192"/>
    <property name="user.dir" value="C:\Users\houme\eclipse-workspace\gestion_stage"/>
    <property name="os.arch" value="amd64"/>
    <property name="java.vm.specification.name" value="Java Virtual Machine Specification"/>
    <property name="java.awt.printerjob" value="sun.awt.windows.WPrinterJob"/>
    <property name="sun.os.patch.level" value=""/>
    <property name="java.library.path" value="C:\Program Files\Java\jdk1.8.0_192\jre\bin;C:\WINDOWS\Sun\Java\bin;C:\WINDOWS\system32;C:\WINDOWS;C:/Program Files/Java/jre1.8.0_201/bin/server;C:/Program Files/Java/jre1.8.0_201/bin;C:/Program Files/Java/jre1.8.0_201/lib/amd64;C:\Program Files (x86)\Common Files\Oracle\Java\javapath;C:\Program Files (x86)\Intel\Intel(R) Management Engine Components\iCLS\;C:\Program Files\Intel\Intel(R) Management Engine Components\iCLS\;C:\Windows\system32;C:\Windows;C:\Windows\System32\Wbem;C:\Windows\System32\WindowsPowerShell\v1.0\;C:\Program Files (x86)\NVIDIA Corporation\PhysX\Common;C:\Program Files (x86)\Intel\Intel(R) Management Engine Components\DAL;C:\Program Files\Intel\Intel(R) Management Engine Components\DAL;C:\Program Files (x86)\Intel\Intel(R) Management Engine Components\IPT;C:\Program Files\Intel\Intel(R) Management Engine Components\IPT;C:\Program Files\Intel\WiFi\bin\;C:\Program Files\Common Files\Intel\WirelessCommon\;C:\WINDOWS\system32;C:\WINDOWS;C:\WINDOWS\System32\Wbem;C:\WINDOWS\System32\WindowsPowerShell\v1.0\;C:\WINDOWS\System32\OpenSSH\;C:\Users\houme\AppData\Local\Microsoft\WindowsApps;C:\Users\houme\Downloads\apache-maven-3.6.0-bin\apache-maven-3.6.0\bin;$JAVA_HOME\bin:$PATH;;C:\Users\houme\Downloads\eclipse-java-2018-09-win32-x86_64\eclipse;;."/>
    <property name="java.vm.info" value="mixed mode"/>
    <property name="java.vendor" value="Oracle Corporation"/>
    <property name="java.vm.version" value="25.192-b12"/>
    <property name="java.ext.dirs" value="C:\Program Files\Java\jdk1.8.0_192\jre\lib\ext;C:\WINDOWS\Sun\Java\lib\ext"/>
    <property name="sun.io.unicode.encoding" value="UnicodeLittle"/>
    <property name="java.class.version" value="52.0"/>
  </properties>
  <testcase name="shouldAnswerWithTrue" classname="org.activiti.gestion_stage.AppTest" time="0.002"/>
</testsuite>